<?xml version='1.0' encoding='UTF-8'?>
<!DOCTYPE beans PUBLIC '-//SPRING//DTD BEAN//EN' 'http://www.springframework.org/dtd/spring-beans.dtd'>

<beans>

   <import resource="classpath:alfresco/web-publishing-context.xml" />

   <!-- Mock Channel Type -->
   <bean id="mockChannelType" class="org.alfresco.repo.publishing.MockChannelType"
   parent="baseChannelType" />

</beans>
